This file contains any messages produced by compilers while
running configure, to aid debugging if configure makes a mistake.

It was created by tinydtls configure 0.8.6, which was
generated by GNU Autoconf 2.69.  Invocation command line was

  $ ./configure --disable-option-checking --prefix=/usr/local --disable-shared --cache-file=/dev/null --srcdir=.

## --------- ##
## Platform. ##
## --------- ##

hostname = steveslaptop
uname -m = x86_64
uname -r = 4.15.0-46-generic
uname -s = Linux
uname -v = #49-Ubuntu SMP Wed Feb 6 09:33:07 UTC 2019

/usr/bin/uname -p = unknown
/bin/uname -X     = unknown

/bin/arch              = unknown
/usr/bin/arch -k       = unknown
/usr/convex/getsysinfo = unknown
/usr/bin/hostinfo      = unknown
/bin/machine           = unknown
/usr/bin/oslevel       = unknown
/bin/universe          = unknown

PATH: /home/steve/.local/bin
PATH: /usr/local/sbin
PATH: /usr/local/bin
PATH: /usr/sbin
PATH: /usr/bin
PATH: /sbin
PATH: /bin
PATH: /usr/games
PATH: /usr/local/games
PATH: /snap/bin
PATH: /home/steve/Projects/fzf/bin


## ----------- ##
## Core tests. ##
## ----------- ##

configure:2228: checking for doxygen
configure:2246: found /usr/bin/doxygen
configure:2259: result: /usr/bin/doxygen
configure:2269: checking for etags
configure:2300: result: /bin/false
configure:2310: checking whether make sets $(MAKE)
configure:2332: result: yes
configure:2389: checking for gcc
configure:2405: found /usr/bin/gcc
configure:2416: result: gcc
configure:2645: checking for C compiler version
configure:2654: gcc --version >&5
gcc (Ubuntu 7.3.0-27ubuntu1~18.04) 7.3.0
Copyright (C) 2017 Free Software Foundation, Inc.
This is free software; see the source for copying conditions.  There is NO
warranty; not even for MERCHANTABILITY or FITNESS FOR A PARTICULAR PURPOSE.

configure:2665: $? = 0
configure:2654: gcc -v >&5
Using built-in specs.
COLLECT_GCC=gcc
COLLECT_LTO_WRAPPER=/usr/lib/gcc/x86_64-linux-gnu/7/lto-wrapper
OFFLOAD_TARGET_NAMES=nvptx-none
OFFLOAD_TARGET_DEFAULT=1
Target: x86_64-linux-gnu
Configured with: ../src/configure -v --with-pkgversion='Ubuntu 7.3.0-27ubuntu1~18.04' --with-bugurl=file:///usr/share/doc/gcc-7/README.Bugs --enable-languages=c,ada,c++,go,brig,d,fortran,objc,obj-c++ --prefix=/usr --with-gcc-major-version-only --program-suffix=-7 --program-prefix=x86_64-linux-gnu- --enable-shared --enable-linker-build-id --libexecdir=/usr/lib --without-included-gettext --enable-threads=posix --libdir=/usr/lib --enable-nls --with-sysroot=/ --enable-clocale=gnu --enable-libstdcxx-debug --enable-libstdcxx-time=yes --with-default-libstdcxx-abi=new --enable-gnu-unique-object --disable-vtable-verify --enable-libmpx --enable-plugin --enable-default-pie --with-system-zlib --with-target-system-zlib --enable-objc-gc=auto --enable-multiarch --disable-werror --with-arch-32=i686 --with-abi=m64 --with-multilib-list=m32,m64,mx32 --enable-multilib --with-tune=generic --enable-offload-targets=nvptx-none --without-cuda-driver --enable-checking=release --build=x86_64-linux-gnu --host=x86_64-linux-gnu --target=x86_64-linux-gnu
Thread model: posix
gcc version 7.3.0 (Ubuntu 7.3.0-27ubuntu1~18.04) 
configure:2665: $? = 0
configure:2654: gcc -V >&5
gcc: error: unrecognized command line option '-V'
gcc: fatal error: no input files
compilation terminated.
configure:2665: $? = 1
configure:2654: gcc -qversion >&5
gcc: error: unrecognized command line option '-qversion'; did you mean '--version'?
gcc: fatal error: no input files
compilation terminated.
configure:2665: $? = 1
configure:2685: checking whether the C compiler works
configure:2707: gcc    conftest.c  >&5
configure:2711: $? = 0
configure:2759: result: yes
configure:2762: checking for C compiler default output file name
configure:2764: result: a.out
configure:2770: checking for suffix of executables
configure:2777: gcc -o conftest    conftest.c  >&5
configure:2781: $? = 0
configure:2803: result: 
configure:2825: checking whether we are cross compiling
configure:2833: gcc -o conftest    conftest.c  >&5
configure:2837: $? = 0
configure:2844: ./conftest
configure:2848: $? = 0
configure:2863: result: no
configure:2868: checking for suffix of object files
configure:2890: gcc -c   conftest.c >&5
configure:2894: $? = 0
configure:2915: result: o
configure:2919: checking whether we are using the GNU C compiler
configure:2938: gcc -c   conftest.c >&5
configure:2938: $? = 0
configure:2947: result: yes
configure:2956: checking whether gcc accepts -g
configure:2976: gcc -c -g  conftest.c >&5
configure:2976: $? = 0
configure:3017: result: yes
configure:3034: checking for gcc option to accept ISO C89
configure:3097: gcc  -c -g -O2  conftest.c >&5
configure:3097: $? = 0
configure:3110: result: none needed
configure:3173: checking for ranlib
configure:3189: found /usr/bin/ranlib
configure:3200: result: ranlib
configure:3304: checking for ar
configure:3320: found /usr/bin/ar
configure:3331: result: ar
configure:3357: checking the archiver (ar) interface
configure:3373: gcc -c -g -O2  conftest.c >&5
configure:3373: $? = 0
configure:3375: ar cru libconftest.a conftest.o >&5
ar: `u' modifier ignored since `D' is the default (see `U')
configure:3378: $? = 0
configure:3406: result: ar
configure:3432: checking how to run the C preprocessor
configure:3463: gcc -E  conftest.c
configure:3463: $? = 0
configure:3477: gcc -E  conftest.c
conftest.c:9:10: fatal error: ac_nonexistent.h: No such file or directory
 #include <ac_nonexistent.h>
          ^~~~~~~~~~~~~~~~~~
compilation terminated.
configure:3477: $? = 1
configure: failed program was:
| /* confdefs.h */
| #define PACKAGE_NAME "tinydtls"
| #define PACKAGE_TARNAME "tinydtls"
| #define PACKAGE_VERSION "0.8.6"
| #define PACKAGE_STRING "tinydtls 0.8.6"
| #define PACKAGE_BUGREPORT ""
| #define PACKAGE_URL ""
| /* end confdefs.h.  */
| #include <ac_nonexistent.h>
configure:3502: result: gcc -E
configure:3522: gcc -E  conftest.c
configure:3522: $? = 0
configure:3536: gcc -E  conftest.c
conftest.c:9:10: fatal error: ac_nonexistent.h: No such file or directory
 #include <ac_nonexistent.h>
          ^~~~~~~~~~~~~~~~~~
compilation terminated.
configure:3536: $? = 1
configure: failed program was:
| /* confdefs.h */
| #define PACKAGE_NAME "tinydtls"
| #define PACKAGE_TARNAME "tinydtls"
| #define PACKAGE_VERSION "0.8.6"
| #define PACKAGE_STRING "tinydtls 0.8.6"
| #define PACKAGE_BUGREPORT ""
| #define PACKAGE_URL ""
| /* end confdefs.h.  */
| #include <ac_nonexistent.h>
configure:3565: checking for grep that handles long lines and -e
configure:3623: result: /bin/grep
configure:3628: checking for egrep
configure:3690: result: /bin/grep -E
configure:3695: checking for ANSI C header files
configure:3715: gcc -c -g -O2  conftest.c >&5
configure:3715: $? = 0
configure:3788: gcc -o conftest -g -O2   conftest.c  >&5
configure:3788: $? = 0
configure:3788: ./conftest
configure:3788: $? = 0
configure:3799: result: yes
configure:3812: checking for sys/types.h
configure:3812: gcc -c -g -O2  conftest.c >&5
configure:3812: $? = 0
configure:3812: result: yes
configure:3812: checking for sys/stat.h
configure:3812: gcc -c -g -O2  conftest.c >&5
configure:3812: $? = 0
configure:3812: result: yes
configure:3812: checking for stdlib.h
configure:3812: gcc -c -g -O2  conftest.c >&5
configure:3812: $? = 0
configure:3812: result: yes
configure:3812: checking for string.h
configure:3812: gcc -c -g -O2  conftest.c >&5
configure:3812: $? = 0
configure:3812: result: yes
configure:3812: checking for memory.h
configure:3812: gcc -c -g -O2  conftest.c >&5
configure:3812: $? = 0
configure:3812: result: yes
configure:3812: checking for strings.h
configure:3812: gcc -c -g -O2  conftest.c >&5
configure:3812: $? = 0
configure:3812: result: yes
configure:3812: checking for inttypes.h
configure:3812: gcc -c -g -O2  conftest.c >&5
configure:3812: $? = 0
configure:3812: result: yes
configure:3812: checking for stdint.h
configure:3812: gcc -c -g -O2  conftest.c >&5
configure:3812: $? = 0
configure:3812: result: yes
configure:3812: checking for unistd.h
configure:3812: gcc -c -g -O2  conftest.c >&5
configure:3812: $? = 0
configure:3812: result: yes
configure:3824: checking whether byte ordering is bigendian
configure:3839: gcc -c -g -O2  conftest.c >&5
conftest.c:20:9: error: unknown type name 'not'
         not a universal capable compiler
         ^~~
conftest.c:20:15: error: expected '=', ',', ';', 'asm' or '__attribute__' before 'universal'
         not a universal capable compiler
               ^~~~~~~~~
conftest.c:20:15: error: unknown type name 'universal'
configure:3839: $? = 1
configure: failed program was:
| /* confdefs.h */
| #define PACKAGE_NAME "tinydtls"
| #define PACKAGE_TARNAME "tinydtls"
| #define PACKAGE_VERSION "0.8.6"
| #define PACKAGE_STRING "tinydtls 0.8.6"
| #define PACKAGE_BUGREPORT ""
| #define PACKAGE_URL ""
| #define STDC_HEADERS 1
| #define HAVE_SYS_TYPES_H 1
| #define HAVE_SYS_STAT_H 1
| #define HAVE_STDLIB_H 1
| #define HAVE_STRING_H 1
| #define HAVE_MEMORY_H 1
| #define HAVE_STRINGS_H 1
| #define HAVE_INTTYPES_H 1
| #define HAVE_STDINT_H 1
| #define HAVE_UNISTD_H 1
| /* end confdefs.h.  */
| #ifndef __APPLE_CC__
| 	       not a universal capable compiler
| 	     #endif
| 	     typedef int dummy;
| 
configure:3884: gcc -c -g -O2  conftest.c >&5
configure:3884: $? = 0
configure:3902: gcc -c -g -O2  conftest.c >&5
conftest.c: In function 'main':
conftest.c:26:4: error: unknown type name 'not'; did you mean 'ino_t'?
    not big endian
    ^~~
    ino_t
conftest.c:26:12: error: expected '=', ',', ';', 'asm' or '__attribute__' before 'endian'
    not big endian
            ^~~~~~
configure:3902: $? = 1
configure: failed program was:
| /* confdefs.h */
| #define PACKAGE_NAME "tinydtls"
| #define PACKAGE_TARNAME "tinydtls"
| #define PACKAGE_VERSION "0.8.6"
| #define PACKAGE_STRING "tinydtls 0.8.6"
| #define PACKAGE_BUGREPORT ""
| #define PACKAGE_URL ""
| #define STDC_HEADERS 1
| #define HAVE_SYS_TYPES_H 1
| #define HAVE_SYS_STAT_H 1
| #define HAVE_STDLIB_H 1
| #define HAVE_STRING_H 1
| #define HAVE_MEMORY_H 1
| #define HAVE_STRINGS_H 1
| #define HAVE_INTTYPES_H 1
| #define HAVE_STDINT_H 1
| #define HAVE_UNISTD_H 1
| /* end confdefs.h.  */
| #include <sys/types.h>
| 		#include <sys/param.h>
| 
| int
| main ()
| {
| #if BYTE_ORDER != BIG_ENDIAN
| 		 not big endian
| 		#endif
| 
|   ;
|   return 0;
| }
configure:4030: result: no
configure:4072: checking for library containing gethostbyname
configure:4103: gcc -o conftest -g -O2   conftest.c  >&5
configure:4103: $? = 0
configure:4120: result: none required
configure:4128: checking for library containing socket
configure:4159: gcc -o conftest -g -O2   conftest.c  >&5
configure:4159: $? = 0
configure:4176: result: none required
configure:4231: checking assert.h usability
configure:4231: gcc -c -g -O2  -DDTLSv12 -DWITH_SHA256 conftest.c >&5
configure:4231: $? = 0
configure:4231: result: yes
configure:4231: checking assert.h presence
configure:4231: gcc -E  -DDTLSv12 -DWITH_SHA256 conftest.c
configure:4231: $? = 0
configure:4231: result: yes
configure:4231: checking for assert.h
configure:4231: result: yes
configure:4231: checking arpa/inet.h usability
configure:4231: gcc -c -g -O2  -DDTLSv12 -DWITH_SHA256 conftest.c >&5
configure:4231: $? = 0
configure:4231: result: yes
configure:4231: checking arpa/inet.h presence
configure:4231: gcc -E  -DDTLSv12 -DWITH_SHA256 conftest.c
configure:4231: $? = 0
configure:4231: result: yes
configure:4231: checking for arpa/inet.h
configure:4231: result: yes
configure:4231: checking fcntl.h usability
configure:4231: gcc -c -g -O2  -DDTLSv12 -DWITH_SHA256 conftest.c >&5
configure:4231: $? = 0
configure:4231: result: yes
configure:4231: checking fcntl.h presence
configure:4231: gcc -E  -DDTLSv12 -DWITH_SHA256 conftest.c
configure:4231: $? = 0
configure:4231: result: yes
configure:4231: checking for fcntl.h
configure:4231: result: yes
configure:4231: checking for inttypes.h
configure:4231: result: yes
configure:4231: checking netdb.h usability
configure:4231: gcc -c -g -O2  -DDTLSv12 -DWITH_SHA256 conftest.c >&5
configure:4231: $? = 0
configure:4231: result: yes
configure:4231: checking netdb.h presence
configure:4231: gcc -E  -DDTLSv12 -DWITH_SHA256 conftest.c
configure:4231: $? = 0
configure:4231: result: yes
configure:4231: checking for netdb.h
configure:4231: result: yes
configure:4231: checking netinet/in.h usability
configure:4231: gcc -c -g -O2  -DDTLSv12 -DWITH_SHA256 conftest.c >&5
configure:4231: $? = 0
configure:4231: result: yes
configure:4231: checking netinet/in.h presence
configure:4231: gcc -E  -DDTLSv12 -DWITH_SHA256 conftest.c
configure:4231: $? = 0
configure:4231: result: yes
configure:4231: checking for netinet/in.h
configure:4231: result: yes
configure:4231: checking stddef.h usability
configure:4231: gcc -c -g -O2  -DDTLSv12 -DWITH_SHA256 conftest.c >&5
configure:4231: $? = 0
configure:4231: result: yes
configure:4231: checking stddef.h presence
configure:4231: gcc -E  -DDTLSv12 -DWITH_SHA256 conftest.c
configure:4231: $? = 0
configure:4231: result: yes
configure:4231: checking for stddef.h
configure:4231: result: yes
configure:4231: checking for stdint.h
configure:4231: result: yes
configure:4231: checking for stdlib.h
configure:4231: result: yes
configure:4231: checking for string.h
configure:4231: result: yes
configure:4231: checking for strings.h
configure:4231: result: yes
configure:4231: checking sys/param.h usability
configure:4231: gcc -c -g -O2  -DDTLSv12 -DWITH_SHA256 conftest.c >&5
configure:4231: $? = 0
configure:4231: result: yes
configure:4231: checking sys/param.h presence
configure:4231: gcc -E  -DDTLSv12 -DWITH_SHA256 conftest.c
configure:4231: $? = 0
configure:4231: result: yes
configure:4231: checking for sys/param.h
configure:4231: result: yes
configure:4231: checking sys/socket.h usability
configure:4231: gcc -c -g -O2  -DDTLSv12 -DWITH_SHA256 conftest.c >&5
configure:4231: $? = 0
configure:4231: result: yes
configure:4231: checking sys/socket.h presence
configure:4231: gcc -E  -DDTLSv12 -DWITH_SHA256 conftest.c
configure:4231: $? = 0
configure:4231: result: yes
configure:4231: checking for sys/socket.h
configure:4231: result: yes
configure:4231: checking for unistd.h
configure:4231: result: yes
configure:4245: checking sys/time.h usability
configure:4245: gcc -c -g -O2  -DDTLSv12 -DWITH_SHA256 conftest.c >&5
configure:4245: $? = 0
configure:4245: result: yes
configure:4245: checking sys/time.h presence
configure:4245: gcc -E  -DDTLSv12 -DWITH_SHA256 conftest.c
configure:4245: $? = 0
configure:4245: result: yes
configure:4245: checking for sys/time.h
configure:4245: result: yes
configure:4245: checking time.h usability
configure:4245: gcc -c -g -O2  -DDTLSv12 -DWITH_SHA256 conftest.c >&5
configure:4245: $? = 0
configure:4245: result: yes
configure:4245: checking time.h presence
configure:4245: gcc -E  -DDTLSv12 -DWITH_SHA256 conftest.c
configure:4245: $? = 0
configure:4245: result: yes
configure:4245: checking for time.h
configure:4245: result: yes
configure:4258: checking for sys/types.h
configure:4258: result: yes
configure:4258: checking for sys/stat.h
configure:4258: result: yes
configure:4270: checking for inline
configure:4286: gcc -c -g -O2  -DDTLSv12 -DWITH_SHA256 conftest.c >&5
configure:4286: $? = 0
configure:4294: result: inline
configure:4312: checking for size_t
configure:4312: gcc -c -g -O2  -DDTLSv12 -DWITH_SHA256 conftest.c >&5
configure:4312: $? = 0
configure:4312: gcc -c -g -O2  -DDTLSv12 -DWITH_SHA256 conftest.c >&5
conftest.c: In function 'main':
conftest.c:75:21: error: expected expression before ')' token
 if (sizeof ((size_t)))
                     ^
configure:4312: $? = 1
configure: failed program was:
| /* confdefs.h */
| #define PACKAGE_NAME "tinydtls"
| #define PACKAGE_TARNAME "tinydtls"
| #define PACKAGE_VERSION "0.8.6"
| #define PACKAGE_STRING "tinydtls 0.8.6"
| #define PACKAGE_BUGREPORT ""
| #define PACKAGE_URL ""
| #define STDC_HEADERS 1
| #define HAVE_SYS_TYPES_H 1
| #define HAVE_SYS_STAT_H 1
| #define HAVE_STDLIB_H 1
| #define HAVE_STRING_H 1
| #define HAVE_MEMORY_H 1
| #define HAVE_STRINGS_H 1
| #define HAVE_INTTYPES_H 1
| #define HAVE_STDINT_H 1
| #define HAVE_UNISTD_H 1
| #define DTLS_ECC 1
| #define DTLS_PSK 1
| #define HAVE_ASSERT_H 1
| #define HAVE_ARPA_INET_H 1
| #define HAVE_FCNTL_H 1
| #define HAVE_INTTYPES_H 1
| #define HAVE_NETDB_H 1
| #define HAVE_NETINET_IN_H 1
| #define HAVE_STDDEF_H 1
| #define HAVE_STDINT_H 1
| #define HAVE_STDLIB_H 1
| #define HAVE_STRING_H 1
| #define HAVE_STRINGS_H 1
| #define HAVE_SYS_PARAM_H 1
| #define HAVE_SYS_SOCKET_H 1
| #define HAVE_UNISTD_H 1
| #define HAVE_SYS_TIME_H 1
| #define HAVE_TIME_H 1
| #define HAVE_SYS_TYPES_H 1
| #define HAVE_SYS_STAT_H 1
| /* end confdefs.h.  */
| #include <stdio.h>
| #ifdef HAVE_SYS_TYPES_H
| # include <sys/types.h>
| #endif
| #ifdef HAVE_SYS_STAT_H
| # include <sys/stat.h>
| #endif
| #ifdef STDC_HEADERS
| # include <stdlib.h>
| # include <stddef.h>
| #else
| # ifdef HAVE_STDLIB_H
| #  include <stdlib.h>
| # endif
| #endif
| #ifdef HAVE_STRING_H
| # if !defined STDC_HEADERS && defined HAVE_MEMORY_H
| #  include <memory.h>
| # endif
| # include <string.h>
| #endif
| #ifdef HAVE_STRINGS_H
| # include <strings.h>
| #endif
| #ifdef HAVE_INTTYPES_H
| # include <inttypes.h>
| #endif
| #ifdef HAVE_STDINT_H
| # include <stdint.h>
| #endif
| #ifdef HAVE_UNISTD_H
| # include <unistd.h>
| #endif
| int
| main ()
| {
| if (sizeof ((size_t)))
| 	    return 0;
|   ;
|   return 0;
| }
configure:4312: result: yes
configure:4324: checking for struct sockaddr_in6.sin6_len
configure:4324: gcc -c -g -O2  -DDTLSv12 -DWITH_SHA256 conftest.c >&5
conftest.c: In function 'main':
conftest.c:45:13: error: 'struct sockaddr_in6' has no member named 'sin6_len'; did you mean 'sin6_port'?
 if (ac_aggr.sin6_len)
             ^~~~~~~~
             sin6_port
configure:4324: $? = 1
configure: failed program was:
| /* confdefs.h */
| #define PACKAGE_NAME "tinydtls"
| #define PACKAGE_TARNAME "tinydtls"
| #define PACKAGE_VERSION "0.8.6"
| #define PACKAGE_STRING "tinydtls 0.8.6"
| #define PACKAGE_BUGREPORT ""
| #define PACKAGE_URL ""
| #define STDC_HEADERS 1
| #define HAVE_SYS_TYPES_H 1
| #define HAVE_SYS_STAT_H 1
| #define HAVE_STDLIB_H 1
| #define HAVE_STRING_H 1
| #define HAVE_MEMORY_H 1
| #define HAVE_STRINGS_H 1
| #define HAVE_INTTYPES_H 1
| #define HAVE_STDINT_H 1
| #define HAVE_UNISTD_H 1
| #define DTLS_ECC 1
| #define DTLS_PSK 1
| #define HAVE_ASSERT_H 1
| #define HAVE_ARPA_INET_H 1
| #define HAVE_FCNTL_H 1
| #define HAVE_INTTYPES_H 1
| #define HAVE_NETDB_H 1
| #define HAVE_NETINET_IN_H 1
| #define HAVE_STDDEF_H 1
| #define HAVE_STDINT_H 1
| #define HAVE_STDLIB_H 1
| #define HAVE_STRING_H 1
| #define HAVE_STRINGS_H 1
| #define HAVE_SYS_PARAM_H 1
| #define HAVE_SYS_SOCKET_H 1
| #define HAVE_UNISTD_H 1
| #define HAVE_SYS_TIME_H 1
| #define HAVE_TIME_H 1
| #define HAVE_SYS_TYPES_H 1
| #define HAVE_SYS_STAT_H 1
| /* end confdefs.h.  */
| #include <netinet/in.h>
| 
| int
| main ()
| {
| static struct sockaddr_in6 ac_aggr;
| if (ac_aggr.sin6_len)
| return 0;
|   ;
|   return 0;
| }
configure:4324: gcc -c -g -O2  -DDTLSv12 -DWITH_SHA256 conftest.c >&5
conftest.c: In function 'main':
conftest.c:45:20: error: 'struct sockaddr_in6' has no member named 'sin6_len'; did you mean 'sin6_port'?
 if (sizeof ac_aggr.sin6_len)
                    ^~~~~~~~
                    sin6_port
configure:4324: $? = 1
configure: failed program was:
| /* confdefs.h */
| #define PACKAGE_NAME "tinydtls"
| #define PACKAGE_TARNAME "tinydtls"
| #define PACKAGE_VERSION "0.8.6"
| #define PACKAGE_STRING "tinydtls 0.8.6"
| #define PACKAGE_BUGREPORT ""
| #define PACKAGE_URL ""
| #define STDC_HEADERS 1
| #define HAVE_SYS_TYPES_H 1
| #define HAVE_SYS_STAT_H 1
| #define HAVE_STDLIB_H 1
| #define HAVE_STRING_H 1
| #define HAVE_MEMORY_H 1
| #define HAVE_STRINGS_H 1
| #define HAVE_INTTYPES_H 1
| #define HAVE_STDINT_H 1
| #define HAVE_UNISTD_H 1
| #define DTLS_ECC 1
| #define DTLS_PSK 1
| #define HAVE_ASSERT_H 1
| #define HAVE_ARPA_INET_H 1
| #define HAVE_FCNTL_H 1
| #define HAVE_INTTYPES_H 1
| #define HAVE_NETDB_H 1
| #define HAVE_NETINET_IN_H 1
| #define HAVE_STDDEF_H 1
| #define HAVE_STDINT_H 1
| #define HAVE_STDLIB_H 1
| #define HAVE_STRING_H 1
| #define HAVE_STRINGS_H 1
| #define HAVE_SYS_PARAM_H 1
| #define HAVE_SYS_SOCKET_H 1
| #define HAVE_UNISTD_H 1
| #define HAVE_SYS_TIME_H 1
| #define HAVE_TIME_H 1
| #define HAVE_SYS_TYPES_H 1
| #define HAVE_SYS_STAT_H 1
| /* end confdefs.h.  */
| #include <netinet/in.h>
| 
| int
| main ()
| {
| static struct sockaddr_in6 ac_aggr;
| if (sizeof ac_aggr.sin6_len)
| return 0;
|   ;
|   return 0;
| }
configure:4324: result: no
configure:4337: checking for memset
configure:4337: gcc -o conftest -g -O2  -DDTLSv12 -DWITH_SHA256  conftest.c  >&5
conftest.c:62:6: warning: conflicting types for built-in function 'memset' [-Wbuiltin-declaration-mismatch]
 char memset ();
      ^~~~~~
configure:4337: $? = 0
configure:4337: result: yes
configure:4337: checking for select
configure:4337: gcc -o conftest -g -O2  -DDTLSv12 -DWITH_SHA256  conftest.c  >&5
configure:4337: $? = 0
configure:4337: result: yes
configure:4337: checking for socket
configure:4337: gcc -o conftest -g -O2  -DDTLSv12 -DWITH_SHA256  conftest.c  >&5
configure:4337: $? = 0
configure:4337: result: yes
configure:4337: checking for strdup
configure:4337: gcc -o conftest -g -O2  -DDTLSv12 -DWITH_SHA256  conftest.c  >&5
conftest.c:65:6: warning: conflicting types for built-in function 'strdup' [-Wbuiltin-declaration-mismatch]
 char strdup ();
      ^~~~~~
configure:4337: $? = 0
configure:4337: result: yes
configure:4337: checking for strerror
configure:4337: gcc -o conftest -g -O2  -DDTLSv12 -DWITH_SHA256  conftest.c  >&5
configure:4337: $? = 0
configure:4337: result: yes
configure:4337: checking for strnlen
configure:4337: gcc -o conftest -g -O2  -DDTLSv12 -DWITH_SHA256  conftest.c  >&5
configure:4337: $? = 0
configure:4337: result: yes
configure:4337: checking for fls
configure:4337: gcc -o conftest -g -O2  -DDTLSv12 -DWITH_SHA256  conftest.c  >&5
/tmp/ccQycFUD.o: In function `main':
/home/steve/BlockWorks/Playground/SecurityEndpoint/libcoap/ext/tinydtls/conftest.c:79: undefined reference to `fls'
collect2: error: ld returned 1 exit status
configure:4337: $? = 1
configure: failed program was:
| /* confdefs.h */
| #define PACKAGE_NAME "tinydtls"
| #define PACKAGE_TARNAME "tinydtls"
| #define PACKAGE_VERSION "0.8.6"
| #define PACKAGE_STRING "tinydtls 0.8.6"
| #define PACKAGE_BUGREPORT ""
| #define PACKAGE_URL ""
| #define STDC_HEADERS 1
| #define HAVE_SYS_TYPES_H 1
| #define HAVE_SYS_STAT_H 1
| #define HAVE_STDLIB_H 1
| #define HAVE_STRING_H 1
| #define HAVE_MEMORY_H 1
| #define HAVE_STRINGS_H 1
| #define HAVE_INTTYPES_H 1
| #define HAVE_STDINT_H 1
| #define HAVE_UNISTD_H 1
| #define DTLS_ECC 1
| #define DTLS_PSK 1
| #define HAVE_ASSERT_H 1
| #define HAVE_ARPA_INET_H 1
| #define HAVE_FCNTL_H 1
| #define HAVE_INTTYPES_H 1
| #define HAVE_NETDB_H 1
| #define HAVE_NETINET_IN_H 1
| #define HAVE_STDDEF_H 1
| #define HAVE_STDINT_H 1
| #define HAVE_STDLIB_H 1
| #define HAVE_STRING_H 1
| #define HAVE_STRINGS_H 1
| #define HAVE_SYS_PARAM_H 1
| #define HAVE_SYS_SOCKET_H 1
| #define HAVE_UNISTD_H 1
| #define HAVE_SYS_TIME_H 1
| #define HAVE_TIME_H 1
| #define HAVE_SYS_TYPES_H 1
| #define HAVE_SYS_STAT_H 1
| #define HAVE_MEMSET 1
| #define HAVE_SELECT 1
| #define HAVE_SOCKET 1
| #define HAVE_STRDUP 1
| #define HAVE_STRERROR 1
| #define HAVE_STRNLEN 1
| /* end confdefs.h.  */
| /* Define fls to an innocuous variant, in case <limits.h> declares fls.
|    For example, HP-UX 11i <limits.h> declares gettimeofday.  */
| #define fls innocuous_fls
| 
| /* System header to define __stub macros and hopefully few prototypes,
|     which can conflict with char fls (); below.
|     Prefer <limits.h> to <assert.h> if __STDC__ is defined, since
|     <limits.h> exists even on freestanding compilers.  */
| 
| #ifdef __STDC__
| # include <limits.h>
| #else
| # include <assert.h>
| #endif
| 
| #undef fls
| 
| /* Override any GCC internal prototype to avoid an error.
|    Use char because int might match the return type of a GCC
|    builtin and then its argument prototype would still apply.  */
| #ifdef __cplusplus
| extern "C"
| #endif
| char fls ();
| /* The GNU C library defines this for functions which it implements
|     to always fail with ENOSYS.  Some functions are actually named
|     something starting with __ and the normal name is an alias.  */
| #if defined __stub_fls || defined __stub___fls
| choke me
| #endif
| 
| int
| main ()
| {
| return fls ();
|   ;
|   return 0;
| }
configure:4337: result: no
configure:4337: checking for vprintf
configure:4337: gcc -o conftest -g -O2  -DDTLSv12 -DWITH_SHA256  conftest.c  >&5
conftest.c:68:6: warning: conflicting types for built-in function 'vprintf' [-Wbuiltin-declaration-mismatch]
 char vprintf ();
      ^~~~~~~
configure:4337: $? = 0
configure:4337: result: yes
configure:4468: creating ./config.status

## ---------------------- ##
## Running config.status. ##
## ---------------------- ##

This file was extended by tinydtls config.status 0.8.6, which was
generated by GNU Autoconf 2.69.  Invocation command line was

  CONFIG_FILES    = 
  CONFIG_HEADERS  = 
  CONFIG_LINKS    = 
  CONFIG_COMMANDS = 
  $ ./config.status 

on steveslaptop

config.status:844: creating Makefile
config.status:844: creating doc/Makefile
config.status:844: creating doc/Doxyfile
config.status:844: creating tests/Makefile
config.status:844: creating platform-specific/Makefile
config.status:844: creating sha2/Makefile
config.status:844: creating aes/Makefile
config.status:844: creating ecc/Makefile
config.status:844: creating dtls_config.h
config.status:1014: dtls_config.h is unchanged

## ---------------- ##
## Cache variables. ##
## ---------------- ##

ac_cv_c_bigendian=no
ac_cv_c_compiler_gnu=yes
ac_cv_c_inline=inline
ac_cv_env_CC_set=
ac_cv_env_CC_value=
ac_cv_env_CFLAGS_set=
ac_cv_env_CFLAGS_value=
ac_cv_env_CPPFLAGS_set=
ac_cv_env_CPPFLAGS_value=
ac_cv_env_CPP_set=
ac_cv_env_CPP_value=
ac_cv_env_LDFLAGS_set=
ac_cv_env_LDFLAGS_value=
ac_cv_env_LIBS_set=
ac_cv_env_LIBS_value=
ac_cv_env_build_alias_set=
ac_cv_env_build_alias_value=
ac_cv_env_host_alias_set=
ac_cv_env_host_alias_value=
ac_cv_env_target_alias_set=
ac_cv_env_target_alias_value=
ac_cv_func_fls=no
ac_cv_func_memset=yes
ac_cv_func_select=yes
ac_cv_func_socket=yes
ac_cv_func_strdup=yes
ac_cv_func_strerror=yes
ac_cv_func_strnlen=yes
ac_cv_func_vprintf=yes
ac_cv_header_arpa_inet_h=yes
ac_cv_header_assert_h=yes
ac_cv_header_fcntl_h=yes
ac_cv_header_inttypes_h=yes
ac_cv_header_memory_h=yes
ac_cv_header_netdb_h=yes
ac_cv_header_netinet_in_h=yes
ac_cv_header_stdc=yes
ac_cv_header_stddef_h=yes
ac_cv_header_stdint_h=yes
ac_cv_header_stdlib_h=yes
ac_cv_header_string_h=yes
ac_cv_header_strings_h=yes
ac_cv_header_sys_param_h=yes
ac_cv_header_sys_socket_h=yes
ac_cv_header_sys_stat_h=yes
ac_cv_header_sys_time_h=yes
ac_cv_header_sys_types_h=yes
ac_cv_header_time_h=yes
ac_cv_header_unistd_h=yes
ac_cv_member_struct_sockaddr_in6_sin6_len=no
ac_cv_objext=o
ac_cv_path_DOXYGEN=/usr/bin/doxygen
ac_cv_path_EGREP='/bin/grep -E'
ac_cv_path_ETAGS=/bin/false
ac_cv_path_GREP=/bin/grep
ac_cv_prog_CPP='gcc -E'
ac_cv_prog_ac_ct_AR=ar
ac_cv_prog_ac_ct_CC=gcc
ac_cv_prog_ac_ct_RANLIB=ranlib
ac_cv_prog_cc_c89=
ac_cv_prog_cc_g=yes
ac_cv_prog_make_make_set=yes
ac_cv_search_gethostbyname='none required'
ac_cv_search_socket='none required'
ac_cv_type_size_t=yes
am_cv_ar_interface=ar

## ----------------- ##
## Output variables. ##
## ----------------- ##

AR='ar'
CC='gcc'
CFLAGS='-g -O2'
CPP='gcc -E'
CPPFLAGS=' -DDTLSv12 -DWITH_SHA256'
DEFS='-DHAVE_CONFIG_H'
DOXYGEN='/usr/bin/doxygen'
DTLS_ECC='1'
DTLS_PSK='1'
ECHO_C=''
ECHO_N='-n'
ECHO_T=''
EGREP='/bin/grep -E'
ETAGS='/bin/false'
EXEEXT=''
GREP='/bin/grep'
LDFLAGS=''
LIBOBJS=''
LIBS=''
LTLIBOBJS=''
NDEBUG=''
OBJEXT='o'
OPT_OBJS=' ecc/ecc.o sha2/sha2.o'
PACKAGE_BUGREPORT=''
PACKAGE_NAME='tinydtls'
PACKAGE_STRING='tinydtls 0.8.6'
PACKAGE_TARNAME='tinydtls'
PACKAGE_URL=''
PACKAGE_VERSION='0.8.6'
PATH_SEPARATOR=':'
RANLIB='ranlib'
SET_MAKE=''
SHELL='/bin/bash'
WARNING_CFLAGS='-pedantic -Wall -Wextra -Wformat-security -Winline -Wmissing-declarations -Wmissing-prototypes -Wnested-externs -Wpointer-arith -Wshadow -Wstrict-prototypes -Wswitch-default -Wswitch-enum -Wunused '
ac_ct_AR='ar'
ac_ct_CC='gcc'
bindir='${exec_prefix}/bin'
build_alias=''
datadir='${datarootdir}'
datarootdir='${prefix}/share'
docdir='${datarootdir}/doc/${PACKAGE_TARNAME}'
dvidir='${docdir}'
exec_prefix='${prefix}'
host_alias=''
htmldir='${docdir}'
includedir='${prefix}/include'
infodir='${datarootdir}/info'
libdir='${exec_prefix}/lib'
libexecdir='${exec_prefix}/libexec'
localedir='${datarootdir}/locale'
localstatedir='${prefix}/var'
mandir='${datarootdir}/man'
oldincludedir='/usr/include'
pdfdir='${docdir}'
prefix='/usr/local'
program_transform_name='s,x,x,'
psdir='${docdir}'
runstatedir='${localstatedir}/run'
sbindir='${exec_prefix}/sbin'
sharedstatedir='${prefix}/com'
sysconfdir='${prefix}/etc'
target_alias=''

## ----------- ##
## confdefs.h. ##
## ----------- ##

/* confdefs.h */
#define PACKAGE_NAME "tinydtls"
#define PACKAGE_TARNAME "tinydtls"
#define PACKAGE_VERSION "0.8.6"
#define PACKAGE_STRING "tinydtls 0.8.6"
#define PACKAGE_BUGREPORT ""
#define PACKAGE_URL ""
#define STDC_HEADERS 1
#define HAVE_SYS_TYPES_H 1
#define HAVE_SYS_STAT_H 1
#define HAVE_STDLIB_H 1
#define HAVE_STRING_H 1
#define HAVE_MEMORY_H 1
#define HAVE_STRINGS_H 1
#define HAVE_INTTYPES_H 1
#define HAVE_STDINT_H 1
#define HAVE_UNISTD_H 1
#define DTLS_ECC 1
#define DTLS_PSK 1
#define HAVE_ASSERT_H 1
#define HAVE_ARPA_INET_H 1
#define HAVE_FCNTL_H 1
#define HAVE_INTTYPES_H 1
#define HAVE_NETDB_H 1
#define HAVE_NETINET_IN_H 1
#define HAVE_STDDEF_H 1
#define HAVE_STDINT_H 1
#define HAVE_STDLIB_H 1
#define HAVE_STRING_H 1
#define HAVE_STRINGS_H 1
#define HAVE_SYS_PARAM_H 1
#define HAVE_SYS_SOCKET_H 1
#define HAVE_UNISTD_H 1
#define HAVE_SYS_TIME_H 1
#define HAVE_TIME_H 1
#define HAVE_SYS_TYPES_H 1
#define HAVE_SYS_STAT_H 1
#define HAVE_MEMSET 1
#define HAVE_SELECT 1
#define HAVE_SOCKET 1
#define HAVE_STRDUP 1
#define HAVE_STRERROR 1
#define HAVE_STRNLEN 1
#define HAVE_VPRINTF 1

configure: exit 0
